<?xml version="1.0" encoding="UTF-8"?>
<testsuite xmlns:xsi="http://www.w3.org/2001/XMLSchema-instance" xsi:noNamespaceSchemaLocation="https://maven.apache.org/surefire/maven-surefire-plugin/xsd/surefire-test-report.xsd" name="behaviourtests.CucumberTest" time="0.285" tests="2" errors="0" skipped="0" failures="0">
  <properties>
    <property name="java.specification.version" value="21"/>
    <property name="sun.jnu.encoding" value="UTF-8"/>
    <property name="java.class.path" value="/Users/andreasbirch/Documents/GitHub/AccountService/target/test-classes:/Users/andreasbirch/Documents/GitHub/AccountService/target/classes:/Users/andreasbirch/.m2/repository/com/sun/xml/ws/jaxws-rt/4.0.0/jaxws-rt-4.0.0.jar:/Users/andreasbirch/.m2/repository/com/sun/xml/bind/jaxb-impl/4.0.0/jaxb-impl-4.0.0.jar:/Users/andreasbirch/.m2/repository/com/sun/xml/bind/jaxb-core/4.0.0/jaxb-core-4.0.0.jar:/Users/andreasbirch/.m2/repository/org/glassfish/ha/ha-api/3.1.13/ha-api-3.1.13.jar:/Users/andreasbirch/.m2/repository/org/glassfish/external/management-api/3.2.3/management-api-3.2.3.jar:/Users/andreasbirch/.m2/repository/org/glassfish/gmbal/gmbal-api-only/4.0.3/gmbal-api-only-4.0.3.jar:/Users/andreasbirch/.m2/repository/org/jvnet/staxex/stax-ex/2.1.0/stax-ex-2.1.0.jar:/Users/andreasbirch/.m2/repository/com/sun/xml/stream/buffer/streambuffer/2.1.0/streambuffer-2.1.0.jar:/Users/andreasbirch/.m2/repository/org/jvnet/mimepull/mimepull/1.10.0/mimepull-1.10.0.jar:/Users/andreasbirch/.m2/repository/com/sun/xml/fastinfoset/FastInfoset/2.1.0/FastInfoset-2.1.0.jar:/Users/andreasbirch/.m2/repository/org/eclipse/angus/angus-activation/1.0.0/angus-activation-1.0.0.jar:/Users/andreasbirch/.m2/repository/org/eclipse/angus/angus-mail/1.0.0/angus-mail-1.0.0.jar:/Users/andreasbirch/.m2/repository/com/sun/xml/messaging/saaj/saaj-impl/3.0.0/saaj-impl-3.0.0.jar:/Users/andreasbirch/.m2/repository/com/fasterxml/woodstox/woodstox-core/6.2.8/woodstox-core-6.2.8.jar:/Users/andreasbirch/.m2/repository/org/codehaus/woodstox/stax2-api/4.2.1/stax2-api-4.2.1.jar:/Users/andreasbirch/.m2/repository/com/sun/xml/ws/jaxws-tools/4.0.0/jaxws-tools-4.0.0.jar:/Users/andreasbirch/.m2/repository/com/sun/xml/bind/jaxb-xjc/4.0.0/jaxb-xjc-4.0.0.jar:/Users/andreasbirch/.m2/repository/com/sun/xml/bind/jaxb-jxc/4.0.0/jaxb-jxc-4.0.0.jar:/Users/andreasbirch/.m2/repository/com/sun/xml/ws/jaxws-eclipselink-plugin/4.0.0/jaxws-eclipselink-plugin-4.0.0.jar:/Users/andreasbirch/.m2/repository/org/eclipse/persistence/org.eclipse.persistence.moxy/4.0.0-M3/org.eclipse.persistence.moxy-4.0.0-M3.jar:/Users/andreasbirch/.m2/repository/org/eclipse/persistence/org.eclipse.persistence.asm/9.2.0/org.eclipse.persistence.asm-9.2.0.jar:/Users/andreasbirch/.m2/repository/org/eclipse/persistence/org.eclipse.persistence.core/4.0.0-M3/org.eclipse.persistence.core-4.0.0-M3.jar:/Users/andreasbirch/.m2/repository/com/sun/xml/ws/sdo-eclipselink-plugin/4.0.0/sdo-eclipselink-plugin-4.0.0.jar:/Users/andreasbirch/.m2/repository/org/eclipse/persistence/org.eclipse.persistence.sdo/4.0.0-M3/org.eclipse.persistence.sdo-4.0.0-M3.jar:/Users/andreasbirch/.m2/repository/jakarta/activation/jakarta.activation-api/2.1.0/jakarta.activation-api-2.1.0.jar:/Users/andreasbirch/.m2/repository/jakarta/xml/ws/jakarta.xml.ws-api/4.0.0/jakarta.xml.ws-api-4.0.0.jar:/Users/andreasbirch/.m2/repository/jakarta/xml/bind/jakarta.xml.bind-api/4.0.0/jakarta.xml.bind-api-4.0.0.jar:/Users/andreasbirch/.m2/repository/jakarta/xml/soap/jakarta.xml.soap-api/3.0.0/jakarta.xml.soap-api-3.0.0.jar:/Users/andreasbirch/.m2/repository/jakarta/annotation/jakarta.annotation-api/2.1.1/jakarta.annotation-api-2.1.1.jar:/Users/andreasbirch/.m2/repository/io/quarkus/quarkus-resteasy-jaxb/2.15.2.Final/quarkus-resteasy-jaxb-2.15.2.Final.jar:/Users/andreasbirch/.m2/repository/io/quarkus/quarkus-resteasy/2.15.2.Final/quarkus-resteasy-2.15.2.Final.jar:/Users/andreasbirch/.m2/repository/io/quarkus/quarkus-vertx-http/2.15.2.Final/quarkus-vertx-http-2.15.2.Final.jar:/Users/andreasbirch/.m2/repository/io/quarkus/quarkus-core/2.15.2.Final/quarkus-core-2.15.2.Final.jar:/Users/andreasbirch/.m2/repository/io/quarkus/quarkus-ide-launcher/2.15.2.Final/quarkus-ide-launcher-2.15.2.Final.jar:/Users/andreasbirch/.m2/repository/io/quarkus/quarkus-development-mode-spi/2.15.2.Final/quarkus-development-mode-spi-2.15.2.Final.jar:/Users/andreasbirch/.m2/repository/io/smallrye/config/smallrye-config/2.13.0/smallrye-config-2.13.0.jar:/Users/andreasbirch/.m2/repository/io/smallrye/config/smallrye-config-core/2.13.0/smallrye-config-core-2.13.0.jar:/Users/andreasbirch/.m2/repository/org/eclipse/microprofile/config/microprofile-config-api/2.0.1/microprofile-config-api-2.0.1.jar:/Users/andreasbirch/.m2/repository/io/smallrye/common/smallrye-common-expression/1.13.2/smallrye-common-expression-1.13.2.jar:/Users/andreasbirch/.m2/repository/io/smallrye/common/smallrye-common-function/1.13.2/smallrye-common-function-1.13.2.jar:/Users/andreasbirch/.m2/repository/io/smallrye/common/smallrye-common-classloader/1.13.2/smallrye-common-classloader-1.13.2.jar:/Users/andreasbirch/.m2/repository/org/ow2/asm/asm/9.4/asm-9.4.jar:/Users/andreasbirch/.m2/repository/io/smallrye/config/smallrye-config-common/2.13.0/smallrye-config-common-2.13.0.jar:/Users/andreasbirch/.m2/repository/org/jboss/logmanager/jboss-logmanager-embedded/1.0.11/jboss-logmanager-embedded-1.0.11.jar:/Users/andreasbirch/.m2/repository/org/jboss/logging/jboss-logging-annotations/2.2.1.Final/jboss-logging-annotations-2.2.1.Final.jar:/Users/andreasbirch/.m2/repository/org/jboss/threads/jboss-threads/3.4.3.Final/jboss-threads-3.4.3.Final.jar:/Users/andreasbirch/.m2/repository/org/jboss/slf4j/slf4j-jboss-logmanager/1.2.0.Final/slf4j-jboss-logmanager-1.2.0.Final.jar:/Users/andreasbirch/.m2/repository/org/graalvm/sdk/graal-sdk/22.3.0/graal-sdk-22.3.0.jar:/Users/andreasbirch/.m2/repository/org/wildfly/common/wildfly-common/1.5.4.Final-format-001/wildfly-common-1.5.4.Final-format-001.jar:/Users/andreasbirch/.m2/repository/io/quarkus/quarkus-bootstrap-runner/2.15.2.Final/quarkus-bootstrap-runner-2.15.2.Final.jar:/Users/andreasbirch/.m2/repository/io/smallrye/common/smallrye-common-io/1.13.2/smallrye-common-io-1.13.2.jar:/Users/andreasbirch/.m2/repository/io/quarkus/quarkus-fs-util/0.0.9/quarkus-fs-util-0.0.9.jar:/Users/andreasbirch/.m2/repository/io/quarkus/quarkus-security-runtime-spi/2.15.2.Final/quarkus-security-runtime-spi-2.15.2.Final.jar:/Users/andreasbirch/.m2/repository/io/quarkus/quarkus-credentials/2.15.2.Final/quarkus-credentials-2.15.2.Final.jar:/Users/andreasbirch/.m2/repository/io/quarkus/quarkus-mutiny/2.15.2.Final/quarkus-mutiny-2.15.2.Final.jar:/Users/andreasbirch/.m2/repository/io/smallrye/reactive/mutiny/1.8.0/mutiny-1.8.0.jar:/Users/andreasbirch/.m2/repository/io/quarkus/quarkus-smallrye-context-propagation/2.15.2.Final/quarkus-smallrye-context-propagation-2.15.2.Final.jar:/Users/andreasbirch/.m2/repository/io/smallrye/smallrye-context-propagation/1.2.2/smallrye-context-propagation-1.2.2.jar:/Users/andreasbirch/.m2/repository/io/smallrye/smallrye-context-propagation-api/1.2.2/smallrye-context-propagation-api-1.2.2.jar:/Users/andreasbirch/.m2/repository/io/smallrye/smallrye-context-propagation-storage/1.2.2/smallrye-context-propagation-storage-1.2.2.jar:/Users/andreasbirch/.m2/repository/io/smallrye/reactive/mutiny-smallrye-context-propagation/1.8.0/mutiny-smallrye-context-propagation-1.8.0.jar:/Users/andreasbirch/.m2/repository/io/smallrye/common/smallrye-common-vertx-context/1.13.2/smallrye-common-vertx-context-1.13.2.jar:/Users/andreasbirch/.m2/repository/io/vertx/vertx-core/4.3.4/vertx-core-4.3.4.jar:/Users/andreasbirch/.m2/repository/io/netty/netty-common/4.1.82.Final/netty-common-4.1.82.Final.jar:/Users/andreasbirch/.m2/repository/io/netty/netty-buffer/4.1.82.Final/netty-buffer-4.1.82.Final.jar:/Users/andreasbirch/.m2/repository/io/netty/netty-transport/4.1.82.Final/netty-transport-4.1.82.Final.jar:/Users/andreasbirch/.m2/repository/io/netty/netty-handler/4.1.82.Final/netty-handler-4.1.82.Final.jar:/Users/andreasbirch/.m2/repository/io/netty/netty-transport-native-unix-common/4.1.82.Final/netty-transport-native-unix-common-4.1.82.Final.jar:/Users/andreasbirch/.m2/repository/io/netty/netty-handler-proxy/4.1.82.Final/netty-handler-proxy-4.1.82.Final.jar:/Users/andreasbirch/.m2/repository/io/netty/netty-codec-socks/4.1.82.Final/netty-codec-socks-4.1.82.Final.jar:/Users/andreasbirch/.m2/repository/io/netty/netty-codec-http/4.1.82.Final/netty-codec-http-4.1.82.Final.jar:/Users/andreasbirch/.m2/repository/io/netty/netty-codec-http2/4.1.82.Final/netty-codec-http2-4.1.82.Final.jar:/Users/andreasbirch/.m2/repository/io/netty/netty-resolver/4.1.82.Final/netty-resolver-4.1.82.Final.jar:/Users/andreasbirch/.m2/repository/io/netty/netty-resolver-dns/4.1.82.Final/netty-resolver-dns-4.1.82.Final.jar:/Users/andreasbirch/.m2/repository/io/netty/netty-codec-dns/4.1.82.Final/netty-codec-dns-4.1.82.Final.jar:/Users/andreasbirch/.m2/repository/com/fasterxml/jackson/core/jackson-core/2.13.4/jackson-core-2.13.4.jar:/Users/andreasbirch/.m2/repository/io/smallrye/common/smallrye-common-constraint/1.13.2/smallrye-common-constraint-1.13.2.jar:/Users/andreasbirch/.m2/repository/io/quarkus/quarkus-vertx-http-dev-console-runtime-spi/2.15.2.Final/quarkus-vertx-http-dev-console-runtime-spi-2.15.2.Final.jar:/Users/andreasbirch/.m2/repository/io/quarkus/security/quarkus-security/1.1.4.Final/quarkus-security-1.1.4.Final.jar:/Users/andreasbirch/.m2/repository/io/quarkus/quarkus-vertx/2.15.2.Final/quarkus-vertx-2.15.2.Final.jar:/Users/andreasbirch/.m2/repository/io/quarkus/quarkus-netty/2.15.2.Final/quarkus-netty-2.15.2.Final.jar:/Users/andreasbirch/.m2/repository/io/netty/netty-codec/4.1.86.Final/netty-codec-4.1.86.Final.jar:/Users/andreasbirch/.m2/repository/com/aayushatharva/brotli4j/brotli4j/1.7.1/brotli4j-1.7.1.jar:/Users/andreasbirch/.m2/repository/io/netty/netty-codec-haproxy/4.1.86.Final/netty-codec-haproxy-4.1.86.Final.jar:/Users/andreasbirch/.m2/repository/io/smallrye/common/smallrye-common-annotation/1.13.2/smallrye-common-annotation-1.13.2.jar:/Users/andreasbirch/.m2/repository/io/quarkus/quarkus-vertx-latebound-mdc-provider/2.15.2.Final/quarkus-vertx-latebound-mdc-provider-2.15.2.Final.jar:/Users/andreasbirch/.m2/repository/io/smallrye/reactive/smallrye-mutiny-vertx-core/2.29.0/smallrye-mutiny-vertx-core-2.29.0.jar:/Users/andreasbirch/.m2/repository/io/smallrye/reactive/smallrye-mutiny-vertx-runtime/2.29.0/smallrye-mutiny-vertx-runtime-2.29.0.jar:/Users/andreasbirch/.m2/repository/io/smallrye/reactive/vertx-mutiny-generator/2.29.0/vertx-mutiny-generator-2.29.0.jar:/Users/andreasbirch/.m2/repository/io/vertx/vertx-codegen/4.3.6/vertx-codegen-4.3.6.jar:/Users/andreasbirch/.m2/repository/io/smallrye/smallrye-fault-tolerance-vertx/5.6.0/smallrye-fault-tolerance-vertx-5.6.0.jar:/Users/andreasbirch/.m2/repository/io/smallrye/reactive/smallrye-mutiny-vertx-web/2.29.0/smallrye-mutiny-vertx-web-2.29.0.jar:/Users/andreasbirch/.m2/repository/io/smallrye/reactive/smallrye-mutiny-vertx-web-common/2.29.0/smallrye-mutiny-vertx-web-common-2.29.0.jar:/Users/andreasbirch/.m2/repository/io/smallrye/reactive/smallrye-mutiny-vertx-auth-common/2.29.0/smallrye-mutiny-vertx-auth-common-2.29.0.jar:/Users/andreasbirch/.m2/repository/io/smallrye/reactive/smallrye-mutiny-vertx-bridge-common/2.29.0/smallrye-mutiny-vertx-bridge-common-2.29.0.jar:/Users/andreasbirch/.m2/repository/io/smallrye/reactive/smallrye-mutiny-vertx-uri-template/2.29.0/smallrye-mutiny-vertx-uri-template-2.29.0.jar:/Users/andreasbirch/.m2/repository/io/vertx/vertx-uri-template/4.3.6/vertx-uri-template-4.3.6.jar:/Users/andreasbirch/.m2/repository/io/vertx/vertx-web/4.3.6/vertx-web-4.3.6.jar:/Users/andreasbirch/.m2/repository/io/vertx/vertx-web-common/4.3.6/vertx-web-common-4.3.6.jar:/Users/andreasbirch/.m2/repository/io/vertx/vertx-auth-common/4.3.6/vertx-auth-common-4.3.6.jar:/Users/andreasbirch/.m2/repository/io/vertx/vertx-bridge-common/4.3.6/vertx-bridge-common-4.3.6.jar:/Users/andreasbirch/.m2/repository/io/github/crac/org-crac/0.1.3/org-crac-0.1.3.jar:/Users/andreasbirch/.m2/repository/io/quarkus/quarkus-resteasy-server-common/2.15.2.Final/quarkus-resteasy-server-common-2.15.2.Final.jar:/Users/andreasbirch/.m2/repository/io/quarkus/quarkus-resteasy-common/2.15.2.Final/quarkus-resteasy-common-2.15.2.Final.jar:/Users/andreasbirch/.m2/repository/io/quarkus/quarkus-jaxb/2.15.2.Final/quarkus-jaxb-2.15.2.Final.jar:/Users/andreasbirch/.m2/repository/io/quarkus/quarkus-arc/2.15.2.Final/quarkus-arc-2.15.2.Final.jar:/Users/andreasbirch/.m2/repository/io/quarkus/arc/arc/2.15.2.Final/arc-2.15.2.Final.jar:/Users/andreasbirch/.m2/repository/org/eclipse/microprofile/context-propagation/microprofile-context-propagation-api/1.2/microprofile-context-propagation-api-1.2.jar:/Users/andreasbirch/.m2/repository/io/quarkus/quarkus-jaxp/2.15.2.Final/quarkus-jaxp-2.15.2.Final.jar:/Users/andreasbirch/.m2/repository/org/glassfish/jaxb/jaxb-runtime/2.3.3-b02/jaxb-runtime-2.3.3-b02.jar:/Users/andreasbirch/.m2/repository/org/glassfish/jaxb/txw2/2.3.3-b02/txw2-2.3.3-b02.jar:/Users/andreasbirch/.m2/repository/com/sun/istack/istack-commons-runtime/3.0.10/istack-commons-runtime-3.0.10.jar:/Users/andreasbirch/.m2/repository/org/jboss/resteasy/resteasy-jaxb-provider/4.7.7.Final/resteasy-jaxb-provider-4.7.7.Final.jar:/Users/andreasbirch/.m2/repository/com/sun/activation/jakarta.activation/1.2.1/jakarta.activation-1.2.1.jar:/Users/andreasbirch/.m2/repository/org/jboss/spec/javax/xml/bind/jboss-jaxb-api_2.3_spec/2.0.0.Final/jboss-jaxb-api_2.3_spec-2.0.0.Final.jar:/Users/andreasbirch/.m2/repository/jakarta/platform/jakarta.jakartaee-api/10.0.0/jakarta.jakartaee-api-10.0.0.jar:/Users/andreasbirch/.m2/repository/jakarta/platform/jakarta.jakartaee-web-api/10.0.0/jakarta.jakartaee-web-api-10.0.0.jar:/Users/andreasbirch/.m2/repository/jakarta/servlet/jakarta.servlet-api/6.0.0/jakarta.servlet-api-6.0.0.jar:/Users/andreasbirch/.m2/repository/jakarta/servlet/jsp/jakarta.servlet.jsp-api/3.1.0/jakarta.servlet.jsp-api-3.1.0.jar:/Users/andreasbirch/.m2/repository/jakarta/el/jakarta.el-api/5.0.1/jakarta.el-api-5.0.1.jar:/Users/andreasbirch/.m2/repository/jakarta/servlet/jsp/jstl/jakarta.servlet.jsp.jstl-api/3.0.0/jakarta.servlet.jsp.jstl-api-3.0.0.jar:/Users/andreasbirch/.m2/repository/jakarta/faces/jakarta.faces-api/4.0.1/jakarta.faces-api-4.0.1.jar:/Users/andreasbirch/.m2/repository/jakarta/websocket/jakarta.websocket-api/2.1.0/jakarta.websocket-api-2.1.0.jar:/Users/andreasbirch/.m2/repository/jakarta/websocket/jakarta.websocket-client-api/2.1.0/jakarta.websocket-client-api-2.1.0.jar:/Users/andreasbirch/.m2/repository/jakarta/json/jakarta.json-api/2.1.0/jakarta.json-api-2.1.0.jar:/Users/andreasbirch/.m2/repository/jakarta/json/bind/jakarta.json.bind-api/3.0.0/jakarta.json.bind-api-3.0.0.jar:/Users/andreasbirch/.m2/repository/jakarta/ejb/jakarta.ejb-api/4.0.1/jakarta.ejb-api-4.0.1.jar:/Users/andreasbirch/.m2/repository/jakarta/transaction/jakarta.transaction-api/2.0.1/jakarta.transaction-api-2.0.1.jar:/Users/andreasbirch/.m2/repository/jakarta/persistence/jakarta.persistence-api/3.1.0/jakarta.persistence-api-3.1.0.jar:/Users/andreasbirch/.m2/repository/jakarta/validation/jakarta.validation-api/3.0.2/jakarta.validation-api-3.0.2.jar:/Users/andreasbirch/.m2/repository/jakarta/interceptor/jakarta.interceptor-api/2.1.0/jakarta.interceptor-api-2.1.0.jar:/Users/andreasbirch/.m2/repository/jakarta/enterprise/jakarta.enterprise.cdi-api/4.0.1/jakarta.enterprise.cdi-api-4.0.1.jar:/Users/andreasbirch/.m2/repository/jakarta/enterprise/jakarta.enterprise.lang-model/4.0.1/jakarta.enterprise.lang-model-4.0.1.jar:/Users/andreasbirch/.m2/repository/jakarta/inject/jakarta.inject-api/2.0.1/jakarta.inject-api-2.0.1.jar:/Users/andreasbirch/.m2/repository/jakarta/authentication/jakarta.authentication-api/3.0.0/jakarta.authentication-api-3.0.0.jar:/Users/andreasbirch/.m2/repository/jakarta/security/enterprise/jakarta.security.enterprise-api/3.0.0/jakarta.security.enterprise-api-3.0.0.jar:/Users/andreasbirch/.m2/repository/jakarta/jms/jakarta.jms-api/3.1.0/jakarta.jms-api-3.1.0.jar:/Users/andreasbirch/.m2/repository/jakarta/mail/jakarta.mail-api/2.1.0/jakarta.mail-api-2.1.0.jar:/Users/andreasbirch/.m2/repository/jakarta/resource/jakarta.resource-api/2.1.0/jakarta.resource-api-2.1.0.jar:/Users/andreasbirch/.m2/repository/jakarta/authorization/jakarta.authorization-api/2.1.0/jakarta.authorization-api-2.1.0.jar:/Users/andreasbirch/.m2/repository/jakarta/batch/jakarta.batch-api/2.1.1/jakarta.batch-api-2.1.1.jar:/Users/andreasbirch/.m2/repository/com/google/code/gson/gson/2.8.6/gson-2.8.6.jar:/Users/andreasbirch/.m2/repository/io/cucumber/cucumber-java/6.9.1/cucumber-java-6.9.1.jar:/Users/andreasbirch/.m2/repository/io/cucumber/cucumber-core/6.9.1/cucumber-core-6.9.1.jar:/Users/andreasbirch/.m2/repository/io/cucumber/cucumber-gherkin/6.9.1/cucumber-gherkin-6.9.1.jar:/Users/andreasbirch/.m2/repository/io/cucumber/cucumber-gherkin-messages/6.9.1/cucumber-gherkin-messages-6.9.1.jar:/Users/andreasbirch/.m2/repository/io/cucumber/messages/13.2.1/messages-13.2.1.jar:/Users/andreasbirch/.m2/repository/io/cucumber/tag-expressions/3.0.0/tag-expressions-3.0.0.jar:/Users/andreasbirch/.m2/repository/io/cucumber/cucumber-expressions/10.3.0/cucumber-expressions-10.3.0.jar:/Users/andreasbirch/.m2/repository/io/cucumber/datatable/3.5.0/datatable-3.5.0.jar:/Users/andreasbirch/.m2/repository/io/cucumber/cucumber-plugin/6.9.1/cucumber-plugin-6.9.1.jar:/Users/andreasbirch/.m2/repository/io/cucumber/docstring/6.9.1/docstring-6.9.1.jar:/Users/andreasbirch/.m2/repository/io/cucumber/html-formatter/9.0.0/html-formatter-9.0.0.jar:/Users/andreasbirch/.m2/repository/io/cucumber/create-meta/2.0.4/create-meta-2.0.4.jar:/Users/andreasbirch/.m2/repository/org/apiguardian/apiguardian-api/1.1.0/apiguardian-api-1.1.0.jar:/Users/andreasbirch/.m2/repository/io/cucumber/cucumber-junit/6.9.1/cucumber-junit-6.9.1.jar:/Users/andreasbirch/.m2/repository/junit/junit/4.13.1/junit-4.13.1.jar:/Users/andreasbirch/.m2/repository/org/hamcrest/hamcrest-core/1.3/hamcrest-core-1.3.jar:/Users/andreasbirch/.m2/repository/io/cucumber/cucumber-picocontainer/6.9.1/cucumber-picocontainer-6.9.1.jar:/Users/andreasbirch/.m2/repository/org/picocontainer/picocontainer/2.15/picocontainer-2.15.jar:/Users/andreasbirch/.m2/repository/org/junit/jupiter/junit-jupiter-engine/5.7.0/junit-jupiter-engine-5.7.0.jar:/Users/andreasbirch/.m2/repository/org/junit/platform/junit-platform-engine/1.7.0/junit-platform-engine-1.7.0.jar:/Users/andreasbirch/.m2/repository/org/opentest4j/opentest4j/1.2.0/opentest4j-1.2.0.jar:/Users/andreasbirch/.m2/repository/org/junit/platform/junit-platform-commons/1.7.0/junit-platform-commons-1.7.0.jar:/Users/andreasbirch/.m2/repository/org/junit/jupiter/junit-jupiter-api/5.7.0/junit-jupiter-api-5.7.0.jar:/Users/andreasbirch/.m2/repository/io/cucumber/cucumber-junit-platform-engine/6.9.1/cucumber-junit-platform-engine-6.9.1.jar:/Users/andreasbirch/.m2/repository/org/junit/vintage/junit-vintage-engine/5.8.1/junit-vintage-engine-5.8.1.jar:/Users/andreasbirch/.m2/repository/org/jboss/resteasy/resteasy-client/6.2.2.Final/resteasy-client-6.2.2.Final.jar:/Users/andreasbirch/.m2/repository/org/jboss/resteasy/resteasy-client-api/6.2.2.Final/resteasy-client-api-6.2.2.Final.jar:/Users/andreasbirch/.m2/repository/org/jboss/resteasy/resteasy-core-spi/6.2.2.Final/resteasy-core-spi-6.2.2.Final.jar:/Users/andreasbirch/.m2/repository/org/jboss/resteasy/resteasy-core/6.2.2.Final/resteasy-core-6.2.2.Final.jar:/Users/andreasbirch/.m2/repository/org/jboss/jandex/2.4.3.Final/jandex-2.4.3.Final.jar:/Users/andreasbirch/.m2/repository/com/ibm/async/asyncutil/0.1.0/asyncutil-0.1.0.jar:/Users/andreasbirch/.m2/repository/org/jboss/logging/jboss-logging/3.5.0.Final/jboss-logging-3.5.0.Final.jar:/Users/andreasbirch/.m2/repository/org/apache/httpcomponents/httpclient/4.5.14/httpclient-4.5.14.jar:/Users/andreasbirch/.m2/repository/org/apache/httpcomponents/httpcore/4.4.16/httpcore-4.4.16.jar:/Users/andreasbirch/.m2/repository/commons-logging/commons-logging/1.2/commons-logging-1.2.jar:/Users/andreasbirch/.m2/repository/commons-codec/commons-codec/1.15/commons-codec-1.15.jar:/Users/andreasbirch/.m2/repository/jakarta/ws/rs/jakarta.ws.rs-api/3.1.0/jakarta.ws.rs-api-3.1.0.jar:/Users/andreasbirch/.m2/repository/org/reactivestreams/reactive-streams/1.0.4/reactive-streams-1.0.4.jar:/Users/andreasbirch/.m2/repository/org/mockito/mockito-core/3.7.0/mockito-core-3.7.0.jar:/Users/andreasbirch/.m2/repository/net/bytebuddy/byte-buddy/1.10.19/byte-buddy-1.10.19.jar:/Users/andreasbirch/.m2/repository/net/bytebuddy/byte-buddy-agent/1.10.19/byte-buddy-agent-1.10.19.jar:/Users/andreasbirch/.m2/repository/org/objenesis/objenesis/3.1/objenesis-3.1.jar:/Users/andreasbirch/.m2/repository/dk/dtu/hubert/messaging-utilities/3.4/messaging-utilities-3.4.jar:/Users/andreasbirch/.m2/repository/com/rabbitmq/amqp-client/5.10.0/amqp-client-5.10.0.jar:/Users/andreasbirch/.m2/repository/org/slf4j/slf4j-api/1.7.30/slf4j-api-1.7.30.jar:"/>
    <property name="java.vm.vendor" value="Oracle Corporation"/>
    <property name="sun.arch.data.model" value="64"/>
    <property name="java.vendor.url" value="https://java.oracle.com/"/>
    <property name="os.name" value="Mac OS X"/>
    <property name="java.vm.specification.version" value="21"/>
    <property name="sun.java.launcher" value="SUN_STANDARD"/>
    <property name="user.country" value="DK"/>
    <property name="sun.boot.library.path" value="/Library/Java/JavaVirtualMachines/jdk-21.jdk/Contents/Home/lib"/>
    <property name="sun.java.command" value="/Users/andreasbirch/Documents/GitHub/AccountService/target/surefire/surefirebooter12512959849772696691.jar /Users/andreasbirch/Documents/GitHub/AccountService/target/surefire 2024-01-18T15-14-36_020-jvmRun1 surefire11290450364442678409tmp surefire_011758171286345958709tmp"/>
    <property name="http.nonProxyHosts" value="local|*.local|169.254/16|*.169.254/16"/>
    <property name="jdk.debug" value="release"/>
    <property name="maven.home" value="/Applications/IntelliJ IDEA.app/Contents/plugins/maven/lib/maven3"/>
    <property name="surefire.test.class.path" value="/Users/andreasbirch/Documents/GitHub/AccountService/target/test-classes:/Users/andreasbirch/Documents/GitHub/AccountService/target/classes:/Users/andreasbirch/.m2/repository/com/sun/xml/ws/jaxws-rt/4.0.0/jaxws-rt-4.0.0.jar:/Users/andreasbirch/.m2/repository/com/sun/xml/bind/jaxb-impl/4.0.0/jaxb-impl-4.0.0.jar:/Users/andreasbirch/.m2/repository/com/sun/xml/bind/jaxb-core/4.0.0/jaxb-core-4.0.0.jar:/Users/andreasbirch/.m2/repository/org/glassfish/ha/ha-api/3.1.13/ha-api-3.1.13.jar:/Users/andreasbirch/.m2/repository/org/glassfish/external/management-api/3.2.3/management-api-3.2.3.jar:/Users/andreasbirch/.m2/repository/org/glassfish/gmbal/gmbal-api-only/4.0.3/gmbal-api-only-4.0.3.jar:/Users/andreasbirch/.m2/repository/org/jvnet/staxex/stax-ex/2.1.0/stax-ex-2.1.0.jar:/Users/andreasbirch/.m2/repository/com/sun/xml/stream/buffer/streambuffer/2.1.0/streambuffer-2.1.0.jar:/Users/andreasbirch/.m2/repository/org/jvnet/mimepull/mimepull/1.10.0/mimepull-1.10.0.jar:/Users/andreasbirch/.m2/repository/com/sun/xml/fastinfoset/FastInfoset/2.1.0/FastInfoset-2.1.0.jar:/Users/andreasbirch/.m2/repository/org/eclipse/angus/angus-activation/1.0.0/angus-activation-1.0.0.jar:/Users/andreasbirch/.m2/repository/org/eclipse/angus/angus-mail/1.0.0/angus-mail-1.0.0.jar:/Users/andreasbirch/.m2/repository/com/sun/xml/messaging/saaj/saaj-impl/3.0.0/saaj-impl-3.0.0.jar:/Users/andreasbirch/.m2/repository/com/fasterxml/woodstox/woodstox-core/6.2.8/woodstox-core-6.2.8.jar:/Users/andreasbirch/.m2/repository/org/codehaus/woodstox/stax2-api/4.2.1/stax2-api-4.2.1.jar:/Users/andreasbirch/.m2/repository/com/sun/xml/ws/jaxws-tools/4.0.0/jaxws-tools-4.0.0.jar:/Users/andreasbirch/.m2/repository/com/sun/xml/bind/jaxb-xjc/4.0.0/jaxb-xjc-4.0.0.jar:/Users/andreasbirch/.m2/repository/com/sun/xml/bind/jaxb-jxc/4.0.0/jaxb-jxc-4.0.0.jar:/Users/andreasbirch/.m2/repository/com/sun/xml/ws/jaxws-eclipselink-plugin/4.0.0/jaxws-eclipselink-plugin-4.0.0.jar:/Users/andreasbirch/.m2/repository/org/eclipse/persistence/org.eclipse.persistence.moxy/4.0.0-M3/org.eclipse.persistence.moxy-4.0.0-M3.jar:/Users/andreasbirch/.m2/repository/org/eclipse/persistence/org.eclipse.persistence.asm/9.2.0/org.eclipse.persistence.asm-9.2.0.jar:/Users/andreasbirch/.m2/repository/org/eclipse/persistence/org.eclipse.persistence.core/4.0.0-M3/org.eclipse.persistence.core-4.0.0-M3.jar:/Users/andreasbirch/.m2/repository/com/sun/xml/ws/sdo-eclipselink-plugin/4.0.0/sdo-eclipselink-plugin-4.0.0.jar:/Users/andreasbirch/.m2/repository/org/eclipse/persistence/org.eclipse.persistence.sdo/4.0.0-M3/org.eclipse.persistence.sdo-4.0.0-M3.jar:/Users/andreasbirch/.m2/repository/jakarta/activation/jakarta.activation-api/2.1.0/jakarta.activation-api-2.1.0.jar:/Users/andreasbirch/.m2/repository/jakarta/xml/ws/jakarta.xml.ws-api/4.0.0/jakarta.xml.ws-api-4.0.0.jar:/Users/andreasbirch/.m2/repository/jakarta/xml/bind/jakarta.xml.bind-api/4.0.0/jakarta.xml.bind-api-4.0.0.jar:/Users/andreasbirch/.m2/repository/jakarta/xml/soap/jakarta.xml.soap-api/3.0.0/jakarta.xml.soap-api-3.0.0.jar:/Users/andreasbirch/.m2/repository/jakarta/annotation/jakarta.annotation-api/2.1.1/jakarta.annotation-api-2.1.1.jar:/Users/andreasbirch/.m2/repository/io/quarkus/quarkus-resteasy-jaxb/2.15.2.Final/quarkus-resteasy-jaxb-2.15.2.Final.jar:/Users/andreasbirch/.m2/repository/io/quarkus/quarkus-resteasy/2.15.2.Final/quarkus-resteasy-2.15.2.Final.jar:/Users/andreasbirch/.m2/repository/io/quarkus/quarkus-vertx-http/2.15.2.Final/quarkus-vertx-http-2.15.2.Final.jar:/Users/andreasbirch/.m2/repository/io/quarkus/quarkus-core/2.15.2.Final/quarkus-core-2.15.2.Final.jar:/Users/andreasbirch/.m2/repository/io/quarkus/quarkus-ide-launcher/2.15.2.Final/quarkus-ide-launcher-2.15.2.Final.jar:/Users/andreasbirch/.m2/repository/io/quarkus/quarkus-development-mode-spi/2.15.2.Final/quarkus-development-mode-spi-2.15.2.Final.jar:/Users/andreasbirch/.m2/repository/io/smallrye/config/smallrye-config/2.13.0/smallrye-config-2.13.0.jar:/Users/andreasbirch/.m2/repository/io/smallrye/config/smallrye-config-core/2.13.0/smallrye-config-core-2.13.0.jar:/Users/andreasbirch/.m2/repository/org/eclipse/microprofile/config/microprofile-config-api/2.0.1/microprofile-config-api-2.0.1.jar:/Users/andreasbirch/.m2/repository/io/smallrye/common/smallrye-common-expression/1.13.2/smallrye-common-expression-1.13.2.jar:/Users/andreasbirch/.m2/repository/io/smallrye/common/smallrye-common-function/1.13.2/smallrye-common-function-1.13.2.jar:/Users/andreasbirch/.m2/repository/io/smallrye/common/smallrye-common-classloader/1.13.2/smallrye-common-classloader-1.13.2.jar:/Users/andreasbirch/.m2/repository/org/ow2/asm/asm/9.4/asm-9.4.jar:/Users/andreasbirch/.m2/repository/io/smallrye/config/smallrye-config-common/2.13.0/smallrye-config-common-2.13.0.jar:/Users/andreasbirch/.m2/repository/org/jboss/logmanager/jboss-logmanager-embedded/1.0.11/jboss-logmanager-embedded-1.0.11.jar:/Users/andreasbirch/.m2/repository/org/jboss/logging/jboss-logging-annotations/2.2.1.Final/jboss-logging-annotations-2.2.1.Final.jar:/Users/andreasbirch/.m2/repository/org/jboss/threads/jboss-threads/3.4.3.Final/jboss-threads-3.4.3.Final.jar:/Users/andreasbirch/.m2/repository/org/jboss/slf4j/slf4j-jboss-logmanager/1.2.0.Final/slf4j-jboss-logmanager-1.2.0.Final.jar:/Users/andreasbirch/.m2/repository/org/graalvm/sdk/graal-sdk/22.3.0/graal-sdk-22.3.0.jar:/Users/andreasbirch/.m2/repository/org/wildfly/common/wildfly-common/1.5.4.Final-format-001/wildfly-common-1.5.4.Final-format-001.jar:/Users/andreasbirch/.m2/repository/io/quarkus/quarkus-bootstrap-runner/2.15.2.Final/quarkus-bootstrap-runner-2.15.2.Final.jar:/Users/andreasbirch/.m2/repository/io/smallrye/common/smallrye-common-io/1.13.2/smallrye-common-io-1.13.2.jar:/Users/andreasbirch/.m2/repository/io/quarkus/quarkus-fs-util/0.0.9/quarkus-fs-util-0.0.9.jar:/Users/andreasbirch/.m2/repository/io/quarkus/quarkus-security-runtime-spi/2.15.2.Final/quarkus-security-runtime-spi-2.15.2.Final.jar:/Users/andreasbirch/.m2/repository/io/quarkus/quarkus-credentials/2.15.2.Final/quarkus-credentials-2.15.2.Final.jar:/Users/andreasbirch/.m2/repository/io/quarkus/quarkus-mutiny/2.15.2.Final/quarkus-mutiny-2.15.2.Final.jar:/Users/andreasbirch/.m2/repository/io/smallrye/reactive/mutiny/1.8.0/mutiny-1.8.0.jar:/Users/andreasbirch/.m2/repository/io/quarkus/quarkus-smallrye-context-propagation/2.15.2.Final/quarkus-smallrye-context-propagation-2.15.2.Final.jar:/Users/andreasbirch/.m2/repository/io/smallrye/smallrye-context-propagation/1.2.2/smallrye-context-propagation-1.2.2.jar:/Users/andreasbirch/.m2/repository/io/smallrye/smallrye-context-propagation-api/1.2.2/smallrye-context-propagation-api-1.2.2.jar:/Users/andreasbirch/.m2/repository/io/smallrye/smallrye-context-propagation-storage/1.2.2/smallrye-context-propagation-storage-1.2.2.jar:/Users/andreasbirch/.m2/repository/io/smallrye/reactive/mutiny-smallrye-context-propagation/1.8.0/mutiny-smallrye-context-propagation-1.8.0.jar:/Users/andreasbirch/.m2/repository/io/smallrye/common/smallrye-common-vertx-context/1.13.2/smallrye-common-vertx-context-1.13.2.jar:/Users/andreasbirch/.m2/repository/io/vertx/vertx-core/4.3.4/vertx-core-4.3.4.jar:/Users/andreasbirch/.m2/repository/io/netty/netty-common/4.1.82.Final/netty-common-4.1.82.Final.jar:/Users/andreasbirch/.m2/repository/io/netty/netty-buffer/4.1.82.Final/netty-buffer-4.1.82.Final.jar:/Users/andreasbirch/.m2/repository/io/netty/netty-transport/4.1.82.Final/netty-transport-4.1.82.Final.jar:/Users/andreasbirch/.m2/repository/io/netty/netty-handler/4.1.82.Final/netty-handler-4.1.82.Final.jar:/Users/andreasbirch/.m2/repository/io/netty/netty-transport-native-unix-common/4.1.82.Final/netty-transport-native-unix-common-4.1.82.Final.jar:/Users/andreasbirch/.m2/repository/io/netty/netty-handler-proxy/4.1.82.Final/netty-handler-proxy-4.1.82.Final.jar:/Users/andreasbirch/.m2/repository/io/netty/netty-codec-socks/4.1.82.Final/netty-codec-socks-4.1.82.Final.jar:/Users/andreasbirch/.m2/repository/io/netty/netty-codec-http/4.1.82.Final/netty-codec-http-4.1.82.Final.jar:/Users/andreasbirch/.m2/repository/io/netty/netty-codec-http2/4.1.82.Final/netty-codec-http2-4.1.82.Final.jar:/Users/andreasbirch/.m2/repository/io/netty/netty-resolver/4.1.82.Final/netty-resolver-4.1.82.Final.jar:/Users/andreasbirch/.m2/repository/io/netty/netty-resolver-dns/4.1.82.Final/netty-resolver-dns-4.1.82.Final.jar:/Users/andreasbirch/.m2/repository/io/netty/netty-codec-dns/4.1.82.Final/netty-codec-dns-4.1.82.Final.jar:/Users/andreasbirch/.m2/repository/com/fasterxml/jackson/core/jackson-core/2.13.4/jackson-core-2.13.4.jar:/Users/andreasbirch/.m2/repository/io/smallrye/common/smallrye-common-constraint/1.13.2/smallrye-common-constraint-1.13.2.jar:/Users/andreasbirch/.m2/repository/io/quarkus/quarkus-vertx-http-dev-console-runtime-spi/2.15.2.Final/quarkus-vertx-http-dev-console-runtime-spi-2.15.2.Final.jar:/Users/andreasbirch/.m2/repository/io/quarkus/security/quarkus-security/1.1.4.Final/quarkus-security-1.1.4.Final.jar:/Users/andreasbirch/.m2/repository/io/quarkus/quarkus-vertx/2.15.2.Final/quarkus-vertx-2.15.2.Final.jar:/Users/andreasbirch/.m2/repository/io/quarkus/quarkus-netty/2.15.2.Final/quarkus-netty-2.15.2.Final.jar:/Users/andreasbirch/.m2/repository/io/netty/netty-codec/4.1.86.Final/netty-codec-4.1.86.Final.jar:/Users/andreasbirch/.m2/repository/com/aayushatharva/brotli4j/brotli4j/1.7.1/brotli4j-1.7.1.jar:/Users/andreasbirch/.m2/repository/io/netty/netty-codec-haproxy/4.1.86.Final/netty-codec-haproxy-4.1.86.Final.jar:/Users/andreasbirch/.m2/repository/io/smallrye/common/smallrye-common-annotation/1.13.2/smallrye-common-annotation-1.13.2.jar:/Users/andreasbirch/.m2/repository/io/quarkus/quarkus-vertx-latebound-mdc-provider/2.15.2.Final/quarkus-vertx-latebound-mdc-provider-2.15.2.Final.jar:/Users/andreasbirch/.m2/repository/io/smallrye/reactive/smallrye-mutiny-vertx-core/2.29.0/smallrye-mutiny-vertx-core-2.29.0.jar:/Users/andreasbirch/.m2/repository/io/smallrye/reactive/smallrye-mutiny-vertx-runtime/2.29.0/smallrye-mutiny-vertx-runtime-2.29.0.jar:/Users/andreasbirch/.m2/repository/io/smallrye/reactive/vertx-mutiny-generator/2.29.0/vertx-mutiny-generator-2.29.0.jar:/Users/andreasbirch/.m2/repository/io/vertx/vertx-codegen/4.3.6/vertx-codegen-4.3.6.jar:/Users/andreasbirch/.m2/repository/io/smallrye/smallrye-fault-tolerance-vertx/5.6.0/smallrye-fault-tolerance-vertx-5.6.0.jar:/Users/andreasbirch/.m2/repository/io/smallrye/reactive/smallrye-mutiny-vertx-web/2.29.0/smallrye-mutiny-vertx-web-2.29.0.jar:/Users/andreasbirch/.m2/repository/io/smallrye/reactive/smallrye-mutiny-vertx-web-common/2.29.0/smallrye-mutiny-vertx-web-common-2.29.0.jar:/Users/andreasbirch/.m2/repository/io/smallrye/reactive/smallrye-mutiny-vertx-auth-common/2.29.0/smallrye-mutiny-vertx-auth-common-2.29.0.jar:/Users/andreasbirch/.m2/repository/io/smallrye/reactive/smallrye-mutiny-vertx-bridge-common/2.29.0/smallrye-mutiny-vertx-bridge-common-2.29.0.jar:/Users/andreasbirch/.m2/repository/io/smallrye/reactive/smallrye-mutiny-vertx-uri-template/2.29.0/smallrye-mutiny-vertx-uri-template-2.29.0.jar:/Users/andreasbirch/.m2/repository/io/vertx/vertx-uri-template/4.3.6/vertx-uri-template-4.3.6.jar:/Users/andreasbirch/.m2/repository/io/vertx/vertx-web/4.3.6/vertx-web-4.3.6.jar:/Users/andreasbirch/.m2/repository/io/vertx/vertx-web-common/4.3.6/vertx-web-common-4.3.6.jar:/Users/andreasbirch/.m2/repository/io/vertx/vertx-auth-common/4.3.6/vertx-auth-common-4.3.6.jar:/Users/andreasbirch/.m2/repository/io/vertx/vertx-bridge-common/4.3.6/vertx-bridge-common-4.3.6.jar:/Users/andreasbirch/.m2/repository/io/github/crac/org-crac/0.1.3/org-crac-0.1.3.jar:/Users/andreasbirch/.m2/repository/io/quarkus/quarkus-resteasy-server-common/2.15.2.Final/quarkus-resteasy-server-common-2.15.2.Final.jar:/Users/andreasbirch/.m2/repository/io/quarkus/quarkus-resteasy-common/2.15.2.Final/quarkus-resteasy-common-2.15.2.Final.jar:/Users/andreasbirch/.m2/repository/io/quarkus/quarkus-jaxb/2.15.2.Final/quarkus-jaxb-2.15.2.Final.jar:/Users/andreasbirch/.m2/repository/io/quarkus/quarkus-arc/2.15.2.Final/quarkus-arc-2.15.2.Final.jar:/Users/andreasbirch/.m2/repository/io/quarkus/arc/arc/2.15.2.Final/arc-2.15.2.Final.jar:/Users/andreasbirch/.m2/repository/org/eclipse/microprofile/context-propagation/microprofile-context-propagation-api/1.2/microprofile-context-propagation-api-1.2.jar:/Users/andreasbirch/.m2/repository/io/quarkus/quarkus-jaxp/2.15.2.Final/quarkus-jaxp-2.15.2.Final.jar:/Users/andreasbirch/.m2/repository/org/glassfish/jaxb/jaxb-runtime/2.3.3-b02/jaxb-runtime-2.3.3-b02.jar:/Users/andreasbirch/.m2/repository/org/glassfish/jaxb/txw2/2.3.3-b02/txw2-2.3.3-b02.jar:/Users/andreasbirch/.m2/repository/com/sun/istack/istack-commons-runtime/3.0.10/istack-commons-runtime-3.0.10.jar:/Users/andreasbirch/.m2/repository/org/jboss/resteasy/resteasy-jaxb-provider/4.7.7.Final/resteasy-jaxb-provider-4.7.7.Final.jar:/Users/andreasbirch/.m2/repository/com/sun/activation/jakarta.activation/1.2.1/jakarta.activation-1.2.1.jar:/Users/andreasbirch/.m2/repository/org/jboss/spec/javax/xml/bind/jboss-jaxb-api_2.3_spec/2.0.0.Final/jboss-jaxb-api_2.3_spec-2.0.0.Final.jar:/Users/andreasbirch/.m2/repository/jakarta/platform/jakarta.jakartaee-api/10.0.0/jakarta.jakartaee-api-10.0.0.jar:/Users/andreasbirch/.m2/repository/jakarta/platform/jakarta.jakartaee-web-api/10.0.0/jakarta.jakartaee-web-api-10.0.0.jar:/Users/andreasbirch/.m2/repository/jakarta/servlet/jakarta.servlet-api/6.0.0/jakarta.servlet-api-6.0.0.jar:/Users/andreasbirch/.m2/repository/jakarta/servlet/jsp/jakarta.servlet.jsp-api/3.1.0/jakarta.servlet.jsp-api-3.1.0.jar:/Users/andreasbirch/.m2/repository/jakarta/el/jakarta.el-api/5.0.1/jakarta.el-api-5.0.1.jar:/Users/andreasbirch/.m2/repository/jakarta/servlet/jsp/jstl/jakarta.servlet.jsp.jstl-api/3.0.0/jakarta.servlet.jsp.jstl-api-3.0.0.jar:/Users/andreasbirch/.m2/repository/jakarta/faces/jakarta.faces-api/4.0.1/jakarta.faces-api-4.0.1.jar:/Users/andreasbirch/.m2/repository/jakarta/websocket/jakarta.websocket-api/2.1.0/jakarta.websocket-api-2.1.0.jar:/Users/andreasbirch/.m2/repository/jakarta/websocket/jakarta.websocket-client-api/2.1.0/jakarta.websocket-client-api-2.1.0.jar:/Users/andreasbirch/.m2/repository/jakarta/json/jakarta.json-api/2.1.0/jakarta.json-api-2.1.0.jar:/Users/andreasbirch/.m2/repository/jakarta/json/bind/jakarta.json.bind-api/3.0.0/jakarta.json.bind-api-3.0.0.jar:/Users/andreasbirch/.m2/repository/jakarta/ejb/jakarta.ejb-api/4.0.1/jakarta.ejb-api-4.0.1.jar:/Users/andreasbirch/.m2/repository/jakarta/transaction/jakarta.transaction-api/2.0.1/jakarta.transaction-api-2.0.1.jar:/Users/andreasbirch/.m2/repository/jakarta/persistence/jakarta.persistence-api/3.1.0/jakarta.persistence-api-3.1.0.jar:/Users/andreasbirch/.m2/repository/jakarta/validation/jakarta.validation-api/3.0.2/jakarta.validation-api-3.0.2.jar:/Users/andreasbirch/.m2/repository/jakarta/interceptor/jakarta.interceptor-api/2.1.0/jakarta.interceptor-api-2.1.0.jar:/Users/andreasbirch/.m2/repository/jakarta/enterprise/jakarta.enterprise.cdi-api/4.0.1/jakarta.enterprise.cdi-api-4.0.1.jar:/Users/andreasbirch/.m2/repository/jakarta/enterprise/jakarta.enterprise.lang-model/4.0.1/jakarta.enterprise.lang-model-4.0.1.jar:/Users/andreasbirch/.m2/repository/jakarta/inject/jakarta.inject-api/2.0.1/jakarta.inject-api-2.0.1.jar:/Users/andreasbirch/.m2/repository/jakarta/authentication/jakarta.authentication-api/3.0.0/jakarta.authentication-api-3.0.0.jar:/Users/andreasbirch/.m2/repository/jakarta/security/enterprise/jakarta.security.enterprise-api/3.0.0/jakarta.security.enterprise-api-3.0.0.jar:/Users/andreasbirch/.m2/repository/jakarta/jms/jakarta.jms-api/3.1.0/jakarta.jms-api-3.1.0.jar:/Users/andreasbirch/.m2/repository/jakarta/mail/jakarta.mail-api/2.1.0/jakarta.mail-api-2.1.0.jar:/Users/andreasbirch/.m2/repository/jakarta/resource/jakarta.resource-api/2.1.0/jakarta.resource-api-2.1.0.jar:/Users/andreasbirch/.m2/repository/jakarta/authorization/jakarta.authorization-api/2.1.0/jakarta.authorization-api-2.1.0.jar:/Users/andreasbirch/.m2/repository/jakarta/batch/jakarta.batch-api/2.1.1/jakarta.batch-api-2.1.1.jar:/Users/andreasbirch/.m2/repository/com/google/code/gson/gson/2.8.6/gson-2.8.6.jar:/Users/andreasbirch/.m2/repository/io/cucumber/cucumber-java/6.9.1/cucumber-java-6.9.1.jar:/Users/andreasbirch/.m2/repository/io/cucumber/cucumber-core/6.9.1/cucumber-core-6.9.1.jar:/Users/andreasbirch/.m2/repository/io/cucumber/cucumber-gherkin/6.9.1/cucumber-gherkin-6.9.1.jar:/Users/andreasbirch/.m2/repository/io/cucumber/cucumber-gherkin-messages/6.9.1/cucumber-gherkin-messages-6.9.1.jar:/Users/andreasbirch/.m2/repository/io/cucumber/messages/13.2.1/messages-13.2.1.jar:/Users/andreasbirch/.m2/repository/io/cucumber/tag-expressions/3.0.0/tag-expressions-3.0.0.jar:/Users/andreasbirch/.m2/repository/io/cucumber/cucumber-expressions/10.3.0/cucumber-expressions-10.3.0.jar:/Users/andreasbirch/.m2/repository/io/cucumber/datatable/3.5.0/datatable-3.5.0.jar:/Users/andreasbirch/.m2/repository/io/cucumber/cucumber-plugin/6.9.1/cucumber-plugin-6.9.1.jar:/Users/andreasbirch/.m2/repository/io/cucumber/docstring/6.9.1/docstring-6.9.1.jar:/Users/andreasbirch/.m2/repository/io/cucumber/html-formatter/9.0.0/html-formatter-9.0.0.jar:/Users/andreasbirch/.m2/repository/io/cucumber/create-meta/2.0.4/create-meta-2.0.4.jar:/Users/andreasbirch/.m2/repository/org/apiguardian/apiguardian-api/1.1.0/apiguardian-api-1.1.0.jar:/Users/andreasbirch/.m2/repository/io/cucumber/cucumber-junit/6.9.1/cucumber-junit-6.9.1.jar:/Users/andreasbirch/.m2/repository/junit/junit/4.13.1/junit-4.13.1.jar:/Users/andreasbirch/.m2/repository/org/hamcrest/hamcrest-core/1.3/hamcrest-core-1.3.jar:/Users/andreasbirch/.m2/repository/io/cucumber/cucumber-picocontainer/6.9.1/cucumber-picocontainer-6.9.1.jar:/Users/andreasbirch/.m2/repository/org/picocontainer/picocontainer/2.15/picocontainer-2.15.jar:/Users/andreasbirch/.m2/repository/org/junit/jupiter/junit-jupiter-engine/5.7.0/junit-jupiter-engine-5.7.0.jar:/Users/andreasbirch/.m2/repository/org/junit/platform/junit-platform-engine/1.7.0/junit-platform-engine-1.7.0.jar:/Users/andreasbirch/.m2/repository/org/opentest4j/opentest4j/1.2.0/opentest4j-1.2.0.jar:/Users/andreasbirch/.m2/repository/org/junit/platform/junit-platform-commons/1.7.0/junit-platform-commons-1.7.0.jar:/Users/andreasbirch/.m2/repository/org/junit/jupiter/junit-jupiter-api/5.7.0/junit-jupiter-api-5.7.0.jar:/Users/andreasbirch/.m2/repository/io/cucumber/cucumber-junit-platform-engine/6.9.1/cucumber-junit-platform-engine-6.9.1.jar:/Users/andreasbirch/.m2/repository/org/junit/vintage/junit-vintage-engine/5.8.1/junit-vintage-engine-5.8.1.jar:/Users/andreasbirch/.m2/repository/org/jboss/resteasy/resteasy-client/6.2.2.Final/resteasy-client-6.2.2.Final.jar:/Users/andreasbirch/.m2/repository/org/jboss/resteasy/resteasy-client-api/6.2.2.Final/resteasy-client-api-6.2.2.Final.jar:/Users/andreasbirch/.m2/repository/org/jboss/resteasy/resteasy-core-spi/6.2.2.Final/resteasy-core-spi-6.2.2.Final.jar:/Users/andreasbirch/.m2/repository/org/jboss/resteasy/resteasy-core/6.2.2.Final/resteasy-core-6.2.2.Final.jar:/Users/andreasbirch/.m2/repository/org/jboss/jandex/2.4.3.Final/jandex-2.4.3.Final.jar:/Users/andreasbirch/.m2/repository/com/ibm/async/asyncutil/0.1.0/asyncutil-0.1.0.jar:/Users/andreasbirch/.m2/repository/org/jboss/logging/jboss-logging/3.5.0.Final/jboss-logging-3.5.0.Final.jar:/Users/andreasbirch/.m2/repository/org/apache/httpcomponents/httpclient/4.5.14/httpclient-4.5.14.jar:/Users/andreasbirch/.m2/repository/org/apache/httpcomponents/httpcore/4.4.16/httpcore-4.4.16.jar:/Users/andreasbirch/.m2/repository/commons-logging/commons-logging/1.2/commons-logging-1.2.jar:/Users/andreasbirch/.m2/repository/commons-codec/commons-codec/1.15/commons-codec-1.15.jar:/Users/andreasbirch/.m2/repository/jakarta/ws/rs/jakarta.ws.rs-api/3.1.0/jakarta.ws.rs-api-3.1.0.jar:/Users/andreasbirch/.m2/repository/org/reactivestreams/reactive-streams/1.0.4/reactive-streams-1.0.4.jar:/Users/andreasbirch/.m2/repository/org/mockito/mockito-core/3.7.0/mockito-core-3.7.0.jar:/Users/andreasbirch/.m2/repository/net/bytebuddy/byte-buddy/1.10.19/byte-buddy-1.10.19.jar:/Users/andreasbirch/.m2/repository/net/bytebuddy/byte-buddy-agent/1.10.19/byte-buddy-agent-1.10.19.jar:/Users/andreasbirch/.m2/repository/org/objenesis/objenesis/3.1/objenesis-3.1.jar:/Users/andreasbirch/.m2/repository/dk/dtu/hubert/messaging-utilities/3.4/messaging-utilities-3.4.jar:/Users/andreasbirch/.m2/repository/com/rabbitmq/amqp-client/5.10.0/amqp-client-5.10.0.jar:/Users/andreasbirch/.m2/repository/org/slf4j/slf4j-api/1.7.30/slf4j-api-1.7.30.jar:"/>
    <property name="sun.cpu.endian" value="little"/>
    <property name="user.home" value="/Users/andreasbirch"/>
    <property name="user.language" value="da"/>
    <property name="java.specification.vendor" value="Oracle Corporation"/>
    <property name="java.version.date" value="2023-10-17"/>
    <property name="java.home" value="/Library/Java/JavaVirtualMachines/jdk-21.jdk/Contents/Home"/>
    <property name="file.separator" value="/"/>
    <property name="basedir" value="/Users/andreasbirch/Documents/GitHub/AccountService"/>
    <property name="java.vm.compressedOopsMode" value="Zero based"/>
    <property name="line.separator" value="&#10;"/>
    <property name="java.vm.specification.vendor" value="Oracle Corporation"/>
    <property name="java.specification.name" value="Java Platform API Specification"/>
    <property name="apple.awt.application.name" value="ForkedBooter"/>
    <property name="surefire.real.class.path" value="/Users/andreasbirch/Documents/GitHub/AccountService/target/surefire/surefirebooter12512959849772696691.jar"/>
    <property name="sun.management.compiler" value="HotSpot 64-Bit Tiered Compilers"/>
    <property name="ftp.nonProxyHosts" value="local|*.local|169.254/16|*.169.254/16"/>
    <property name="java.runtime.version" value="21.0.1+12-LTS-29"/>
    <property name="user.name" value="andreasbirch"/>
    <property name="stdout.encoding" value="UTF-8"/>
    <property name="path.separator" value=":"/>
    <property name="os.version" value="12.5.1"/>
    <property name="java.runtime.name" value="Java(TM) SE Runtime Environment"/>
    <property name="file.encoding" value="UTF-8"/>
    <property name="java.vm.name" value="Java HotSpot(TM) 64-Bit Server VM"/>
    <property name="localRepository" value="/Users/andreasbirch/.m2/repository"/>
    <property name="java.vendor.url.bug" value="https://bugreport.java.com/bugreport/"/>
    <property name="java.io.tmpdir" value="/var/folders/b9/p2nmrgl57y793n7_3v_ktr2m0000gn/T/"/>
    <property name="idea.version" value="2023.3.2"/>
    <property name="java.version" value="21.0.1"/>
    <property name="user.dir" value="/Users/andreasbirch/Documents/GitHub/AccountService"/>
    <property name="os.arch" value="aarch64"/>
    <property name="java.vm.specification.name" value="Java Virtual Machine Specification"/>
    <property name="native.encoding" value="UTF-8"/>
    <property name="java.util.logging.manager" value="org.jboss.logmanager.LogManager"/>
    <property name="java.library.path" value="/Users/andreasbirch/Library/Java/Extensions:/Library/Java/Extensions:/Network/Library/Java/Extensions:/System/Library/Java/Extensions:/usr/lib/java:."/>
    <property name="java.vm.info" value="mixed mode, sharing"/>
    <property name="stderr.encoding" value="UTF-8"/>
    <property name="java.vendor" value="Oracle Corporation"/>
    <property name="java.vm.version" value="21.0.1+12-LTS-29"/>
    <property name="sun.io.unicode.encoding" value="UnicodeBig"/>
    <property name="socksNonProxyHosts" value="local|*.local|169.254/16|*.169.254/16"/>
    <property name="java.class.version" value="65.0"/>
  </properties>
  <testcase name="Register DTUPay account" classname="behaviourtests.CucumberTest" time="0.28"/>
  <testcase name="User mapped successfully" classname="behaviourtests.CucumberTest" time="0.003"/>
</testsuite>